<?xml version="1.0" encoding="UTF-8"?>
<testng-results ignored="0" total="1" passed="1" failed="0" skipped="0">
  <reporter-output>
  </reporter-output>
  <suite started-at="2020-12-02T19:16:41 IST" name="Default suite" finished-at="2020-12-02T19:16:49 IST" duration-ms="7875">
    <groups>
    </groups>
    <test started-at="2020-12-02T19:16:41 IST" name="Default test" finished-at="2020-12-02T19:16:49 IST" duration-ms="7875">
      <class name="assignment2.Assign2ExtentRep">
        <test-method is-config="true" signature="startTest()[pri:0, instance:assignment2.Assign2ExtentRep@fb8cf016]" started-at="2020-12-02T19:16:41 IST" name="startTest" finished-at="2020-12-02T19:16:41 IST" duration-ms="156" status="PASS">
          <reporter-output>
          </reporter-output>
        </test-method> <!-- startTest -->
        <test-method signature="extentReportsDemo()[pri:0, instance:assignment2.Assign2ExtentRep@fb8cf016]" started-at="2020-12-02T19:16:41 IST" name="extentReportsDemo" finished-at="2020-12-02T19:16:49 IST" duration-ms="7455" status="PASS">
          <reporter-output>
          </reporter-output>
        </test-method> <!-- extentReportsDemo -->
        <test-method is-config="true" signature="endTest()[pri:0, instance:assignment2.Assign2ExtentRep@fb8cf016]" started-at="2020-12-02T19:16:49 IST" name="endTest" finished-at="2020-12-02T19:16:49 IST" duration-ms="236" status="PASS">
          <reporter-output>
          </reporter-output>
        </test-method> <!-- endTest -->
      </class> <!-- assignment2.Assign2ExtentRep -->
    </test> <!-- Default test -->
  </suite> <!-- Default suite -->
</testng-results>
